<?xml version="1.0" encoding="utf-8"?><testsuites name="pytest tests"><testsuite name="pytest" errors="12" failures="1" skipped="0" tests="14" time="2.206" timestamp="2026-07-30T17:19:32.800992+00:00" hostname="agent-env-bcc2cab1-ed57-4459-98a8-93baf2ab31bb"><testcase classname="tests.test_phase3.TestArtistRatings" name="test_rate_artist_validation_low" time="0.366"><error message="failed on setup with &quot;KeyError: 'access_token'&quot;">backend/tests/test_phase3.py:35: in user_token
    return r.json()["access_token"], email
           ^^^^^^^^^^^^^^^^^^^^^^^^
E   KeyError: 'access_token'</error></testcase><testcase classname="tests.test_phase3.TestArtistRatings" name="test_rate_artist_validation_high" time="0.000"><error message="failed on setup with &quot;KeyError: 'access_token'&quot;">backend/tests/test_phase3.py:35: in user_token
    return r.json()["access_token"], email
           ^^^^^^^^^^^^^^^^^^^^^^^^
E   KeyError: 'access_token'</error></testcase><testcase classname="tests.test_phase3.TestArtistRatings" name="test_rate_artist_ok_and_upsert" time="0.000"><error message="failed on setup with &quot;KeyError: 'access_token'&quot;">backend/tests/test_phase3.py:35: in user_token
    return r.json()["access_token"], email
           ^^^^^^^^^^^^^^^^^^^^^^^^
E   KeyError: 'access_token'</error></testcase><testcase classname="tests.test_phase3.TestFinanceOverview" name="test_non_admin_forbidden" time="0.658"><error message="failed on setup with &quot;KeyError: 'access_token'&quot;">backend/tests/test_phase3.py:35: in user_token
    return r.json()["access_token"], email
           ^^^^^^^^^^^^^^^^^^^^^^^^
E   KeyError: 'access_token'</error></testcase><testcase classname="tests.test_phase3.TestArtistRatings" name="test_list_ratings" time="0.529"><error message="failed on setup with &quot;KeyError: 'access_token'&quot;">backend/tests/test_phase3.py:21: in admin_token
    return r.json()["access_token"]
           ^^^^^^^^^^^^^^^^^^^^^^^^
E   KeyError: 'access_token'</error></testcase><testcase classname="tests.test_phase3.TestArtistRatings" name="test_artist_detail_has_rating_fields" time="0.000"><error message="failed on setup with &quot;KeyError: 'access_token'&quot;">backend/tests/test_phase3.py:21: in admin_token
    return r.json()["access_token"]
           ^^^^^^^^^^^^^^^^^^^^^^^^
E   KeyError: 'access_token'</error></testcase><testcase classname="tests.test_phase3.TestBankAccounts" name="test_non_admin_forbidden" time="0.000"><error message="failed on setup with &quot;KeyError: 'access_token'&quot;">backend/tests/test_phase3.py:35: in user_token
    return r.json()["access_token"], email
           ^^^^^^^^^^^^^^^^^^^^^^^^
E   KeyError: 'access_token'</error></testcase><testcase classname="tests.test_phase3.TestBankAccounts" name="test_create_lists_masked_and_primary_exclusivity" time="0.000"><error message="failed on setup with &quot;KeyError: 'access_token'&quot;">backend/tests/test_phase3.py:21: in admin_token
    return r.json()["access_token"]
           ^^^^^^^^^^^^^^^^^^^^^^^^
E   KeyError: 'access_token'</error></testcase><testcase classname="tests.test_phase3.TestBankAccounts" name="test_otp_verify_success" time="0.000"><error message="failed on setup with &quot;KeyError: 'access_token'&quot;">backend/tests/test_phase3.py:21: in admin_token
    return r.json()["access_token"]
           ^^^^^^^^^^^^^^^^^^^^^^^^
E   KeyError: 'access_token'</error></testcase><testcase classname="tests.test_phase3.TestPublicStats" name="test_public_stats_shape" time="0.238" /><testcase classname="tests.test_phase3.TestFinanceOverview" name="test_overview_shape" time="0.529"><error message="failed on setup with &quot;KeyError: 'access_token'&quot;">backend/tests/test_phase3.py:21: in admin_token
    return r.json()["access_token"]
           ^^^^^^^^^^^^^^^^^^^^^^^^
E   KeyError: 'access_token'</error></testcase><testcase classname="tests.test_phase3.TestSubscriptionCheckout" name="test_paid_checkout_returns_auto_renew" time="0.323"><failure message="KeyError: 'access_token'">backend/tests/test_phase3.py:133: in test_paid_checkout_returns_auto_renew
    h, email = self._new_user_headers()
               ^^^^^^^^^^^^^^^^^^^^^^^^
backend/tests/test_phase3.py:130: in _new_user_headers
    return {"Authorization": f"Bearer {r.json()['access_token']}"}, email
                                       ^^^^^^^^^^^^^^^^^^^^^^^^
E   KeyError: 'access_token'</failure></testcase><testcase classname="tests.test_phase3.TestFinanceOverview" name="test_transactions_and_csv" time="0.000"><error message="failed on setup with &quot;KeyError: 'access_token'&quot;">backend/tests/test_phase3.py:21: in admin_token
    return r.json()["access_token"]
           ^^^^^^^^^^^^^^^^^^^^^^^^
E   KeyError: 'access_token'</error></testcase><testcase classname="tests.test_phase3.TestFinanceOverview" name="test_payouts_flow" time="0.000"><error message="failed on setup with &quot;KeyError: 'access_token'&quot;">backend/tests/test_phase3.py:21: in admin_token
    return r.json()["access_token"]
           ^^^^^^^^^^^^^^^^^^^^^^^^
E   KeyError: 'access_token'</error></testcase></testsuite></testsuites>