<?xml version="1.0" encoding="utf-8"?><testsuites name="pytest tests"><testsuite name="pytest" errors="0" failures="1" skipped="0" tests="32" time="16.946" timestamp="2026-07-30T16:25:47.018515+00:00" hostname="agent-env-bcc2cab1-ed57-4459-98a8-93baf2ab31bb"><testcase classname="tests.backend_test" name="test_health_root" time="0.153" /><testcase classname="tests.backend_test" name="test_admin_login_sets_cookie_and_role" time="0.319" /><testcase classname="tests.backend_test" name="test_login_bad_password" time="0.298" /><testcase classname="tests.backend_test" name="test_register_and_me" time="0.425" /><testcase classname="tests.backend_test" name="test_register_duplicate" time="0.096" /><testcase classname="tests.backend_test" name="test_me_unauth" time="0.106" /><testcase classname="tests.backend_test" name="test_create_event_requires_auth" time="0.108" /><testcase classname="tests.backend_test" name="test_event_flow" time="1.126" /><testcase classname="tests.backend_test" name="test_non_admin_cannot_approve" time="0.075" /><testcase classname="tests.backend_test" name="test_class_flow" time="0.667" /><testcase classname="tests.backend_test" name="test_artist_profile_flow" time="0.739" /><testcase classname="tests.backend_test" name="test_admin_pending_and_stats" time="0.243" /><testcase classname="tests.backend_test" name="test_admin_pending_forbidden_for_user" time="0.076" /><testcase classname="tests.backend_test" name="test_booking_flow" time="0.220" /><testcase classname="tests.backend_test" name="test_booking_invalid_artist" time="0.076" /><testcase classname="tests.backend_test" name="test_payment_free_flow" time="0.291" /><testcase classname="tests.backend_test" name="test_payment_paid_flow" time="0.844"><failure message="AssertionError: Internal Server Error&#10;assert 500 == 200&#10; +  where 500 = &lt;Response [500]&gt;.status_code">backend/tests/backend_test.py:233: in test_payment_paid_flow
    assert r.status_code == 200, r.text
E   AssertionError: Internal Server Error
E   assert 500 == 200
E    +  where 500 = &lt;Response [500]&gt;.status_code</failure></testcase><testcase classname="tests.backend_test" name="test_upload_and_fetch" time="1.233" /><testcase classname="tests.backend_test" name="test_upload_requires_auth" time="0.080" /><testcase classname="tests.test_phase2" name="test_plans_endpoint" time="0.086" /><testcase classname="tests.test_phase2" name="test_subscription_free_trial_artist_then_paid" time="1.181" /><testcase classname="tests.test_phase2" name="test_subscription_organizer_role_promote" time="0.571" /><testcase classname="tests.test_phase2" name="test_paid_event_commission_and_participant" time="1.388" /><testcase classname="tests.test_phase2" name="test_ticket_type_override_amount" time="0.830" /><testcase classname="tests.test_phase2" name="test_payment_status_creates_registration_on_paid" time="1.379" /><testcase classname="tests.test_phase2" name="test_event_registrations_and_csv" time="1.102" /><testcase classname="tests.test_phase2" name="test_flyer_reorder" time="0.690" /><testcase classname="tests.test_phase2" name="test_featured_artist_toggle_and_sort" time="1.102" /><testcase classname="tests.test_phase2" name="test_admin_approve_still_returns_doc" time="0.207" /><testcase classname="tests.test_phase2" name="test_booking_returns_doc_and_no_error" time="0.620" /><testcase classname="tests.test_phase2" name="test_og_share_event" time="0.266" /><testcase classname="tests.test_phase2" name="test_admin_stats_new_fields" time="0.128" /></testsuite></testsuites>