<?xml version="1.0" encoding="utf-8"?><testsuites name="pytest tests"><testsuite name="pytest" errors="0" failures="0" skipped="0" tests="13" time="8.917" timestamp="2026-07-30T16:08:36.274517+00:00" hostname="agent-env-bcc2cab1-ed57-4459-98a8-93baf2ab31bb"><testcase classname="tests.test_phase2" name="test_plans_endpoint" time="0.166" /><testcase classname="tests.test_phase2" name="test_subscription_free_trial_artist_then_paid" time="1.307" /><testcase classname="tests.test_phase2" name="test_subscription_organizer_role_promote" time="0.541" /><testcase classname="tests.test_phase2" name="test_paid_event_commission_and_participant" time="1.389" /><testcase classname="tests.test_phase2" name="test_ticket_type_override_amount" time="0.849" /><testcase classname="tests.test_phase2" name="test_payment_status_creates_registration_on_paid" time="0.808" /><testcase classname="tests.test_phase2" name="test_event_registrations_and_csv" time="0.967" /><testcase classname="tests.test_phase2" name="test_flyer_reorder" time="0.671" /><testcase classname="tests.test_phase2" name="test_featured_artist_toggle_and_sort" time="1.034" /><testcase classname="tests.test_phase2" name="test_admin_approve_still_returns_doc" time="0.153" /><testcase classname="tests.test_phase2" name="test_booking_returns_doc_and_no_error" time="0.547" /><testcase classname="tests.test_phase2" name="test_og_share_event" time="0.250" /><testcase classname="tests.test_phase2" name="test_admin_stats_new_fields" time="0.079" /></testsuite></testsuites>