<?xml version="1.0" encoding="utf-8"?><testsuites name="pytest tests"><testsuite name="pytest" errors="0" failures="0" skipped="0" tests="19" time="7.606" timestamp="2026-07-30T15:22:15.922259+00:00" hostname="agent-env-bcc2cab1-ed57-4459-98a8-93baf2ab31bb"><testcase classname="tests.backend_test" name="test_health_root" time="0.194" /><testcase classname="tests.backend_test" name="test_admin_login_sets_cookie_and_role" time="0.462" /><testcase classname="tests.backend_test" name="test_login_bad_password" time="0.309" /><testcase classname="tests.backend_test" name="test_register_and_me" time="0.438" /><testcase classname="tests.backend_test" name="test_register_duplicate" time="0.086" /><testcase classname="tests.backend_test" name="test_me_unauth" time="0.097" /><testcase classname="tests.backend_test" name="test_create_event_requires_auth" time="0.086" /><testcase classname="tests.backend_test" name="test_event_flow" time="1.110" /><testcase classname="tests.backend_test" name="test_non_admin_cannot_approve" time="0.084" /><testcase classname="tests.backend_test" name="test_class_flow" time="0.660" /><testcase classname="tests.backend_test" name="test_artist_profile_flow" time="0.717" /><testcase classname="tests.backend_test" name="test_admin_pending_and_stats" time="0.250" /><testcase classname="tests.backend_test" name="test_admin_pending_forbidden_for_user" time="0.096" /><testcase classname="tests.backend_test" name="test_booking_flow" time="0.166" /><testcase classname="tests.backend_test" name="test_booking_invalid_artist" time="0.069" /><testcase classname="tests.backend_test" name="test_payment_free_flow" time="0.238" /><testcase classname="tests.backend_test" name="test_payment_paid_flow" time="1.299" /><testcase classname="tests.backend_test" name="test_upload_and_fetch" time="1.016" /><testcase classname="tests.backend_test" name="test_upload_requires_auth" time="0.073" /></testsuite></testsuites>